c:\projects\vs_proj_gl-model-loading\vs_proj\x64\debug\vc143.pdb
c:\projects\vs_proj_gl-model-loading\vs_proj\x64\debug\vc143.idb
c:\projects\vs_proj_gl-model-loading\vs_proj\x64\debug\glad.obj
c:\projects\vs_proj_gl-model-loading\vs_proj\x64\debug\shader.obj
c:\projects\vs_proj_gl-model-loading\vs_proj\x64\debug\model.obj
c:\projects\vs_proj_gl-model-loading\vs_proj\x64\debug\mesh.obj
c:\projects\vs_proj_gl-model-loading\vs_proj\x64\debug\main.obj
c:\projects\vs_proj_gl-model-loading\vs_proj\x64\debug\camera.obj
c:\projects\vs_proj_gl-model-loading\vs_proj\x64\debug\stb_image.obj
c:\projects\vs_proj_gl-model-loading\x64\debug\vs_proj.exe
c:\projects\vs_proj_gl-model-loading\x64\debug\vs_proj.pdb
c:\projects\vs_proj_gl-model-loading\vs_proj\x64\debug\vs_proj.ilk
c:\projects\vs_proj_gl-model-loading\vs_proj\x64\debug\vs_proj.tlog\cl.command.1.tlog
c:\projects\vs_proj_gl-model-loading\vs_proj\x64\debug\vs_proj.tlog\cl.items.tlog
c:\projects\vs_proj_gl-model-loading\vs_proj\x64\debug\vs_proj.tlog\cl.read.1.tlog
c:\projects\vs_proj_gl-model-loading\vs_proj\x64\debug\vs_proj.tlog\cl.write.1.tlog
c:\projects\vs_proj_gl-model-loading\vs_proj\x64\debug\vs_proj.tlog\link.command.1.tlog
c:\projects\vs_proj_gl-model-loading\vs_proj\x64\debug\vs_proj.tlog\link.read.1.tlog
c:\projects\vs_proj_gl-model-loading\vs_proj\x64\debug\vs_proj.tlog\link.secondary.1.tlog
c:\projects\vs_proj_gl-model-loading\vs_proj\x64\debug\vs_proj.tlog\link.write.1.tlog
